[1010/183719.122:ERROR:settings.cc(430)] Settings version is not 5
[1010/184719.153:ERROR:filesystem_win.cc(129)] GetFileAttributes C:\Users\ieadp\AppData\Local\Microsoft\Edge\User Data\Crashpad\attachments\02df4a33-4f0f-4037-a661-c020977b42b3: The system cannot find the path specified. (0x3)
[1010/184719.160:ERROR:directory_reader_win.cc(43)] FindFirstFile: The system cannot find the path specified. (0x3)
[1011/222847.542:ERROR:directory_reader_win.cc(43)] FindFirstFile: The system cannot find the path specified. (0x3)
[1012/090113.456:ERROR:directory_reader_win.cc(43)] FindFirstFile: The system cannot find the path specified. (0x3)
[1012/194935.537:ERROR:directory_reader_win.cc(43)] FindFirstFile: The system cannot find the path specified. (0x3)
[1012/211553.431:ERROR:directory_reader_win.cc(43)] FindFirstFile: The system cannot find the path specified. (0x3)
[1013/080153.573:ERROR:directory_reader_win.cc(43)] FindFirstFile: The system cannot find the path specified. (0x3)
[1013/134106.277:ERROR:directory_reader_win.cc(43)] FindFirstFile: The system cannot find the path specified. (0x3)
[1013/172126.890:ERROR:directory_reader_win.cc(43)] FindFirstFile: The system cannot find the path specified. (0x3)
[1013/175523.304:ERROR:directory_reader_win.cc(43)] FindFirstFile: The system cannot find the path specified. (0x3)
[1014/001523.246:ERROR:directory_reader_win.cc(43)] FindFirstFile: The system cannot find the path specified. (0x3)
[1014/155246.403:ERROR:directory_reader_win.cc(43)] FindFirstFile: The system cannot find the path specified. (0x3)
[1014/235412.533:ERROR:directory_reader_win.cc(43)] FindFirstFile: The system cannot find the path specified. (0x3)
[1015/005227.674:ERROR:directory_reader_win.cc(43)] FindFirstFile: The system cannot find the path specified. (0x3)
[1015/061252.372:ERROR:directory_reader_win.cc(43)] FindFirstFile: The system cannot find the path specified. (0x3)
[1015/103212.958:ERROR:directory_reader_win.cc(43)] FindFirstFile: The system cannot find the path specified. (0x3)
[1015/185018.182:ERROR:directory_reader_win.cc(43)] FindFirstFile: The system cannot find the path specified. (0x3)
[1016/184220.260:ERROR:directory_reader_win.cc(43)] FindFirstFile: The system cannot find the path specified. (0x3)
[1016/223704.494:ERROR:directory_reader_win.cc(43)] FindFirstFile: The system cannot find the path specified. (0x3)
[1017/150418.244:ERROR:directory_reader_win.cc(43)] FindFirstFile: The system cannot find the path specified. (0x3)
[1017/165813.801:ERROR:filesystem_win.cc(129)] GetFileAttributes C:\Users\ieadp\AppData\Local\Microsoft\Edge\User Data\Crashpad\attachments\37c2fdef-a6cc-41d3-951c-0fdb662eb662: The system cannot find the path specified. (0x3)
[1017/170020.655:ERROR:filesystem_win.cc(129)] GetFileAttributes C:\Users\ieadp\AppData\Local\Microsoft\Edge\User Data\Crashpad\attachments\ee5e1553-cf05-411f-87fe-3c45761a6f6d: The system cannot find the path specified. (0x3)
[1017/170441.243:ERROR:filesystem_win.cc(129)] GetFileAttributes C:\Users\ieadp\AppData\Local\Microsoft\Edge\User Data\Crashpad\attachments\5b448424-c83d-46fa-b219-23b93dd50b11: The system cannot find the path specified. (0x3)
[1017/210143.349:ERROR:directory_reader_win.cc(43)] FindFirstFile: The system cannot find the path specified. (0x3)
[1018/074555.793:ERROR:directory_reader_win.cc(43)] FindFirstFile: The system cannot find the path specified. (0x3)
[1018/234913.138:ERROR:directory_reader_win.cc(43)] FindFirstFile: The system cannot find the path specified. (0x3)
[1019/084307.614:ERROR:directory_reader_win.cc(43)] FindFirstFile: The system cannot find the path specified. (0x3)
[1019/212539.138:ERROR:directory_reader_win.cc(43)] FindFirstFile: The system cannot find the path specified. (0x3)
[1020/082030.999:ERROR:directory_reader_win.cc(43)] FindFirstFile: The system cannot find the path specified. (0x3)
[1021/194656.425:ERROR:directory_reader_win.cc(43)] FindFirstFile: The system cannot find the path specified. (0x3)
[1022/024629.061:ERROR:process_reader_win.cc(127)] NtOpenThread: {Access Denied} A process has requested access to an object, but has not been granted those access rights. (0xc0000022)
[1022/024629.061:ERROR:process_reader_win.cc(127)] NtOpenThread: {Access Denied} A process has requested access to an object, but has not been granted those access rights. (0xc0000022)
[1022/024629.069:ERROR:exception_snapshot_win.cc(100)] thread ID 14504 not found in process
[1022/024629.069:ERROR:exception_snapshot_win.cc(100)] thread ID 20172 not found in process
[1022/024629.549:ERROR:minidumpwritedump_with_crashpad_info.cc(452)] Failed to call MiniDumpWriteDump: Only part of a ReadProcessMemory or WriteProcessMemory request was completed. (0x8007012B)
[1022/024629.549:ERROR:minidumpwritedump_with_crashpad_info.cc(661)] Failed to write minidump file
[1022/024629.549:ERROR:crash_report_exception_handler.cc(134)] TryMiniDumpWriteDumpWithCrashpadInfo failed
[1022/024629.549:ERROR:process_memory_win.cc(73)] ReadMemory at 0x7ff78e1b0000 of 64 bytes failed: Only part of a ReadProcessMemory or WriteProcessMemory request was completed. (0x12B)
[1022/024629.549:WARNING:pe_image_reader.cc(340)] could not read dos header from C:\Program Files (x86)\Microsoft\Edge\Application\msedge.exe
[1022/024629.549:ERROR:process_memory_win.cc(73)] ReadMemory at 0x7ffea0fa0000 of 64 bytes failed: Only part of a ReadProcessMemory or WriteProcessMemory request was completed. (0x12B)
[1022/024629.549:WARNING:pe_image_reader.cc(340)] could not read dos header from C:\WINDOWS\SYSTEM32\ntdll.dll
[1022/024629.549:ERROR:process_memory_win.cc(73)] ReadMemory at 0x7ffe9f050000 of 64 bytes failed: Only part of a ReadProcessMemory or WriteProcessMemory request was completed. (0x12B)
[1022/024629.549:WARNING:pe_image_reader.cc(340)] could not read dos header from C:\WINDOWS\System32\KERNEL32.DLL
[1022/024629.549:ERROR:process_memory_win.cc(73)] ReadMemory at 0x7ffe9dfe0000 of 64 bytes failed: Only part of a ReadProcessMemory or WriteProcessMemory request was completed. (0x12B)
[1022/024629.549:WARNING:pe_image_reader.cc(340)] could not read dos header from C:\WINDOWS\System32\KERNELBASE.dll
[1022/024629.549:ERROR:process_memory_win.cc(73)] ReadMemory at 0x7ffe69530000 of 64 bytes failed: Only part of a ReadProcessMemory or WriteProcessMemory request was completed. (0x12B)
[1022/024629.549:WARNING:pe_image_reader.cc(340)] could not read dos header from C:\Program Files (x86)\Microsoft\Edge\Application\86.0.622.43\msedge_elf.dll
[1022/024629.549:ERROR:process_memory_win.cc(73)] ReadMemory at 0x7ffea0e40000 of 64 bytes failed: Only part of a ReadProcessMemory or WriteProcessMemory request was completed. (0x12B)
[1022/024629.549:WARNING:pe_image_reader.cc(340)] could not read dos header from C:\WINDOWS\System32\ADVAPI32.dll
[1022/024629.549:ERROR:process_memory_win.cc(73)] ReadMemory at 0x7ffea0ad0000 of 64 bytes failed: Only part of a ReadProcessMemory or WriteProcessMemory request was completed. (0x12B)
[1022/024629.549:WARNING:pe_image_reader.cc(340)] could not read dos header from C:\WINDOWS\System32\msvcrt.dll
[1022/024629.549:ERROR:process_memory_win.cc(73)] ReadMemory at 0x7ffea0050000 of 64 bytes failed: Only part of a ReadProcessMemory or WriteProcessMemory request was completed. (0x12B)
[1022/024629.549:WARNING:pe_image_reader.cc(340)] could not read dos header from C:\WINDOWS\System32\sechost.dll
[1022/024629.549:ERROR:process_memory_win.cc(73)] ReadMemory at 0x7ffea0b70000 of 64 bytes failed: Only part of a ReadProcessMemory or WriteProcessMemory request was completed. (0x12B)
[1022/024629.549:WARNING:pe_image_reader.cc(340)] could not read dos header from C:\WINDOWS\System32\RPCRT4.dll
[1022/024629.549:ERROR:process_memory_win.cc(73)] ReadMemory at 0x7ffe9ef40000 of 64 bytes failed: Only part of a ReadProcessMemory or WriteProcessMemory request was completed. (0x12B)
[1022/024629.549:WARNING:pe_image_reader.cc(340)] could not read dos header from C:\WINDOWS\System32\bcryptPrimitives.dll
[1022/024629.549:ERROR:process_memory_win.cc(73)] ReadMemory at 0x7ffea0a60000 of 64 bytes failed: Only part of a ReadProcessMemory or WriteProcessMemory request was completed. (0x12B)
[1022/024629.549:WARNING:pe_image_reader.cc(340)] could not read dos header from C:\WINDOWS\System32\WS2_32.dll
[1022/024629.549:ERROR:process_memory_win.cc(73)] ReadMemory at 0x7ffea0150000 of 64 bytes failed: Only part of a ReadProcessMemory or WriteProcessMemory request was completed. (0x12B)
[1022/024629.549:WARNING:pe_image_reader.cc(340)] could not read dos header from C:\WINDOWS\System32\OLEAUT32.dll
[1022/024629.549:ERROR:process_memory_win.cc(73)] ReadMemory at 0x7ffe9eb80000 of 64 bytes failed: Only part of a ReadProcessMemory or WriteProcessMemory request was completed. (0x12B)
[1022/024629.549:WARNING:pe_image_reader.cc(340)] could not read dos header from C:\WINDOWS\System32\msvcp_win.dll
[1022/024629.549:ERROR:process_memory_win.cc(73)] ReadMemory at 0x7ffe9ea60000 of 64 bytes failed: Only part of a ReadProcessMemory or WriteProcessMemory request was completed. (0x12B)
[1022/024629.549:WARNING:pe_image_reader.cc(340)] could not read dos header from C:\WINDOWS\System32\ucrtbase.dll
[1022/024629.549:ERROR:process_memory_win.cc(73)] ReadMemory at 0x7ffea0230000 of 64 bytes failed: Only part of a ReadProcessMemory or WriteProcessMemory request was completed. (0x12B)
[1022/024629.549:WARNING:pe_image_reader.cc(340)] could not read dos header from C:\WINDOWS\System32\combase.dll
[1022/024629.549:ERROR:process_memory_win.cc(73)] ReadMemory at 0x7ffe9efc0000 of 64 bytes failed: Only part of a ReadProcessMemory or WriteProcessMemory request was completed. (0x12B)
[1022/024629.549:WARNING:pe_image_reader.cc(340)] could not read dos header from C:\WINDOWS\System32\WINTRUST.dll
[1022/024629.549:ERROR:process_memory_win.cc(73)] ReadMemory at 0x7ffe9de70000 of 64 bytes failed: Only part of a ReadProcessMemory or WriteProcessMemory request was completed. (0x12B)
[1022/024629.549:WARNING:pe_image_reader.cc(340)] could not read dos header from C:\WINDOWS\System32\MSASN1.dll
[1022/024629.549:ERROR:process_memory_win.cc(73)] ReadMemory at 0x7ffe9ec20000 of 64 bytes failed: Only part of a ReadProcessMemory or WriteProcessMemory request was completed. (0x12B)
[1022/024629.549:WARNING:pe_image_reader.cc(340)] could not read dos header from C:\WINDOWS\System32\CRYPT32.dll
[1022/024629.549:ERROR:process_memory_win.cc(73)] ReadMemory at 0x7ffe9c840000 of 64 bytes failed: Only part of a ReadProcessMemory or WriteProcessMemory request was completed. (0x12B)
[1022/024629.549:WARNING:pe_image_reader.cc(340)] could not read dos header from C:\WINDOWS\SYSTEM32\dbghelp.dll
[1022/024629.549:ERROR:process_memory_win.cc(73)] ReadMemory at 0x7ffe9d360000 of 64 bytes failed: Only part of a ReadProcessMemory or WriteProcessMemory request was completed. (0x12B)
[1022/024629.549:WARNING:pe_image_reader.cc(340)] could not read dos header from C:\WINDOWS\SYSTEM32\IPHLPAPI.DLL
[1022/024629.549:ERROR:process_memory_win.cc(73)] ReadMemory at 0x7ffe9bdf0000 of 64 bytes failed: Only part of a ReadProcessMemory or WriteProcessMemory request was completed. (0x12B)
[1022/024629.549:WARNING:pe_image_reader.cc(340)] could not read dos header from C:\WINDOWS\SYSTEM32\WINMM.dll
[1022/024629.549:ERROR:process_memory_win.cc(73)] ReadMemory at 0x7ffe6e7f0000 of 64 bytes failed: Only part of a ReadProcessMemory or WriteProcessMemory request was completed. (0x12B)
[1022/024629.549:WARNING:pe_image_reader.cc(340)] could not read dos header from C:\WINDOWS\SYSTEM32\UIAutomationCore.DLL
[1022/024629.549:ERROR:process_memory_win.cc(73)] ReadMemory at 0x7ffe8ea70000 of 64 bytes failed: Only part of a ReadProcessMemory or WriteProcessMemory request was completed. (0x12B)
[1022/024629.549:WARNING:pe_image_reader.cc(340)] could not read dos header from C:\WINDOWS\SYSTEM32\Secur32.dll
[1022/024629.549:ERROR:process_memory_win.cc(73)] ReadMemory at 0x7ffe9dd80000 of 64 bytes failed: Only part of a ReadProcessMemory or WriteProcessMemory request was completed. (0x12B)
[1022/024629.549:WARNING:pe_image_reader.cc(340)] could not read dos header from C:\WINDOWS\SYSTEM32\USERENV.dll
[1022/024629.549:ERROR:process_memory_win.cc(73)] ReadMemory at 0x7ffe9df00000 of 64 bytes failed: Only part of a ReadProcessMemory or WriteProcessMemory request was completed. (0x12B)
[1022/024629.549:WARNING:pe_image_reader.cc(340)] could not read dos header from C:\WINDOWS\System32\profapi.dll
[1022/024629.549:ERROR:process_memory_win.cc(73)] ReadMemory at 0x7ffe74660000 of 64 bytes failed: Only part of a ReadProcessMemory or WriteProcessMemory request was completed. (0x12B)
[1022/024629.549:WARNING:pe_image_reader.cc(340)] could not read dos header from C:\WINDOWS\SYSTEM32\DWrite.dll
[1022/024629.549:ERROR:process_memory_win.cc(73)] ReadMemory at 0x7ffe92700000 of 64 bytes failed: Only part of a ReadProcessMemory or WriteProcessMemory request was completed. (0x12B)
[1022/024629.549:WARNING:pe_image_reader.cc(340)] could not read dos header from C:\WINDOWS\SYSTEM32\WINHTTP.dll
[1022/024629.549:ERROR:process_memory_win.cc(73)] ReadMemory at 0x7ffe7c120000 of 64 bytes failed: Only part of a ReadProcessMemory or WriteProcessMemory request was completed. (0x12B)
[1022/024629.549:WARNING:pe_image_reader.cc(340)] could not read dos header from C:\WINDOWS\SYSTEM32\WINSPOOL.DRV
[1022/024629.549:ERROR:process_memory_win.cc(73)] ReadMemory at 0x7ffe9de90000 of 64 bytes failed: Only part of a ReadProcessMemory or WriteProcessMemory request was completed. (0x12B)
[1022/024629.549:WARNING:pe_image_reader.cc(340)] could not read dos header from C:\WINDOWS\System32\kernel.appcore.dll
[1022/024629.549:ERROR:process_memory_win.cc(73)] ReadMemory at 0x7ffe9f020000 of 64 bytes failed: Only part of a ReadProcessMemory or WriteProcessMemory request was completed. (0x12B)
[1022/024629.549:WARNING:pe_image_reader.cc(340)] could not read dos header from C:\WINDOWS\System32\bcrypt.dll
[1022/024629.549:ERROR:process_memory_win.cc(73)] ReadMemory at 0x7ffe9d920000 of 64 bytes failed: Only part of a ReadProcessMemory or WriteProcessMemory request was completed. (0x12B)
[1022/024629.549:WARNING:pe_image_reader.cc(340)] could not read dos header from C:\WINDOWS\SYSTEM32\ncrypt.dll
[1022/024629.549:ERROR:process_memory_win.cc(73)] ReadMemory at 0x7ffe92600000 of 64 bytes failed: Only part of a ReadProcessMemory or WriteProcessMemory request was completed. (0x12B)
[1022/024629.549:WARNING:pe_image_reader.cc(340)] could not read dos header from C:\WINDOWS\SYSTEM32\dhcpcsvc.DLL
[1022/024629.549:ERROR:process_memory_win.cc(73)] ReadMemory at 0x7ffe9f1d0000 of 64 bytes failed: Only part of a ReadProcessMemory or WriteProcessMemory request was completed. (0x12B)
[1022/024629.549:WARNING:pe_image_reader.cc(340)] could not read dos header from C:\WINDOWS\System32\NSI.dll
[1022/024629.549:ERROR:process_memory_win.cc(73)] ReadMemory at 0x7ffe9bb70000 of 64 bytes failed: Only part of a ReadProcessMemory or WriteProcessMemory request was completed. (0x12B)
[1022/024629.549:WARNING:pe_image_reader.cc(340)] could not read dos header from C:\WINDOWS\SYSTEM32\WINMMBASE.dll
[1022/024629.549:ERROR:process_memory_win.cc(73)] ReadMemory at 0x7ffe9ea10000 of 64 bytes failed: Only part of a ReadProcessMemory or WriteProcessMemory request was completed. (0x12B)
[1022/024629.549:WARNING:pe_image_reader.cc(340)] could not read dos header from C:\WINDOWS\System32\cfgmgr32.dll
[1022/024629.549:ERROR:process_memory_win.cc(73)] ReadMemory at 0x7ffe9a4b0000 of 64 bytes failed: Only part of a ReadProcessMemory or WriteProcessMemory request was completed. (0x12B)
[1022/024629.549:WARNING:pe_image_reader.cc(340)] could not read dos header from C:\WINDOWS\SYSTEM32\PROPSYS.dll
[1022/024629.549:ERROR:process_memory_win.cc(73)] ReadMemory at 0x7ffe9f2c0000 of 64 bytes failed: Only part of a ReadProcessMemory or WriteProcessMemory request was completed. (0x12B)
[1022/024629.549:WARNING:pe_image_reader.cc(340)] could not read dos header from C:\WINDOWS\System32\shcore.dll
[1022/024629.549:ERROR:process_memory_win.cc(73)] ReadMemory at 0x7ffe9d8e0000 of 64 bytes failed: Only part of a ReadProcessMemory or WriteProcessMemory request was completed. (0x12B)
[1022/024629.549:WARNING:pe_image_reader.cc(340)] could not read dos header from C:\WINDOWS\SYSTEM32\NTASN1.dll
[1022/024629.549:ERROR:process_memory_win.cc(73)] ReadMemory at 0x7ffe9dd40000 of 64 bytes failed: Only part of a ReadProcessMemory or WriteProcessMemory request was completed. (0x12B)
[1022/024629.549:WARNING:pe_image_reader.cc(340)] could not read dos header from C:\WINDOWS\SYSTEM32\SSPICLI.DLL
[1022/024629.549:ERROR:process_memory_win.cc(73)] ReadMemory at 0x7ffe9d820000 of 64 bytes failed: Only part of a ReadProcessMemory or WriteProcessMemory request was completed. (0x12B)
[1022/024629.549:WARNING:pe_image_reader.cc(340)] could not read dos header from C:\WINDOWS\SYSTEM32\CRYPTBASE.DLL
[1022/024629.549:ERROR:process_memory_win.cc(73)] ReadMemory at 0x7ff78e1b0000 of 64 bytes failed: Only part of a ReadProcessMemory or WriteProcessMemory request was completed. (0x12B)
[1022/024629.549:WARNING:pe_image_reader.cc(340)] could not read dos header from C:\Program Files (x86)\Microsoft\Edge\Application\msedge.exe
[1022/024629.549:ERROR:process_memory_win.cc(73)] ReadMemory at 0x7ff78e1b0000 of 64 bytes failed: Only part of a ReadProcessMemory or WriteProcessMemory request was completed. (0x12B)
[1022/024629.549:WARNING:pe_image_reader.cc(340)] could not read dos header from C:\Program Files (x86)\Microsoft\Edge\Application\msedge.exe
[1022/024629.549:ERROR:process_memory_win.cc(73)] ReadMemory at 0x7ffea0fa0000 of 64 bytes failed: Only part of a ReadProcessMemory or WriteProcessMemory request was completed. (0x12B)
[1022/024629.549:WARNING:pe_image_reader.cc(340)] could not read dos header from C:\WINDOWS\SYSTEM32\ntdll.dll
[1022/024629.549:ERROR:process_memory_win.cc(73)] ReadMemory at 0x7ffea0fa0000 of 64 bytes failed: Only part of a ReadProcessMemory or WriteProcessMemory request was completed. (0x12B)
[1022/024629.549:WARNING:pe_image_reader.cc(340)] could not read dos header from C:\WINDOWS\SYSTEM32\ntdll.dll
[1022/024629.549:ERROR:process_memory_win.cc(73)] ReadMemory at 0x7ffe9f050000 of 64 bytes failed: Only part of a ReadProcessMemory or WriteProcessMemory request was completed. (0x12B)
[1022/024629.549:WARNING:pe_image_reader.cc(340)] could not read dos header from C:\WINDOWS\System32\KERNEL32.DLL
[1022/024629.549:ERROR:process_memory_win.cc(73)] ReadMemory at 0x7ffe9f050000 of 64 bytes failed: Only part of a ReadProcessMemory or WriteProcessMemory request was completed. (0x12B)
[1022/024629.549:WARNING:pe_image_reader.cc(340)] could not read dos header from C:\WINDOWS\System32\KERNEL32.DLL
[1022/024629.549:ERROR:process_memory_win.cc(73)] ReadMemory at 0x7ffe9dfe0000 of 64 bytes failed: Only part of a ReadProcessMemory or WriteProcessMemory request was completed. (0x12B)
[1022/024629.549:WARNING:pe_image_reader.cc(340)] could not read dos header from C:\WINDOWS\System32\KERNELBASE.dll
[1022/024629.549:ERROR:process_memory_win.cc(73)] ReadMemory at 0x7ffe9dfe0000 of 64 bytes failed: Only part of a ReadProcessMemory or WriteProcessMemory request was completed. (0x12B)
[1022/024629.549:WARNING:pe_image_reader.cc(340)] could not read dos header from C:\WINDOWS\System32\KERNELBASE.dll
[1022/024629.549:ERROR:process_memory_win.cc(73)] ReadMemory at 0x7ffe69530000 of 64 bytes failed: Only part of a ReadProcessMemory or WriteProcessMemory request was completed. (0x12B)
[1022/024629.549:WARNING:pe_image_reader.cc(340)] could not read dos header from C:\Program Files (x86)\Microsoft\Edge\Application\86.0.622.43\msedge_elf.dll
[1022/024629.549:ERROR:process_memory_win.cc(73)] ReadMemory at 0x7ffe69530000 of 64 bytes failed: Only part of a ReadProcessMemory or WriteProcessMemory request was completed. (0x12B)
[1022/024629.549:WARNING:pe_image_reader.cc(340)] could not read dos header from C:\Program Files (x86)\Microsoft\Edge\Application\86.0.622.43\msedge_elf.dll
[1022/024629.549:ERROR:process_memory_win.cc(73)] ReadMemory at 0x7ffea0e40000 of 64 bytes failed: Only part of a ReadProcessMemory or WriteProcessMemory request was completed. (0x12B)
[1022/024629.549:WARNING:pe_image_reader.cc(340)] could not read dos header from C:\WINDOWS\System32\ADVAPI32.dll
[1022/024629.549:ERROR:process_memory_win.cc(73)] ReadMemory at 0x7ffea0e40000 of 64 bytes failed: Only part of a ReadProcessMemory or WriteProcessMemory request was completed. (0x12B)
[1022/024629.549:WARNING:pe_image_reader.cc(340)] could not read dos header from C:\WINDOWS\System32\ADVAPI32.dll
[1022/024629.549:ERROR:process_memory_win.cc(73)] ReadMemory at 0x7ffea0ad0000 of 64 bytes failed: Only part of a ReadProcessMemory or WriteProcessMemory request was completed. (0x12B)
[1022/024629.549:WARNING:pe_image_reader.cc(340)] could not read dos header from C:\WINDOWS\System32\msvcrt.dll
[1022/024629.549:ERROR:process_memory_win.cc(73)] ReadMemory at 0x7ffea0ad0000 of 64 bytes failed: Only part of a ReadProcessMemory or WriteProcessMemory request was completed. (0x12B)
[1022/024629.549:WARNING:pe_image_reader.cc(340)] could not read dos header from C:\WINDOWS\System32\msvcrt.dll
[1022/024629.549:ERROR:process_memory_win.cc(73)] ReadMemory at 0x7ffea0050000 of 64 bytes failed: Only part of a ReadProcessMemory or WriteProcessMemory request was completed. (0x12B)
[1022/024629.549:WARNING:pe_image_reader.cc(340)] could not read dos header from C:\WINDOWS\System32\sechost.dll
[1022/024629.549:ERROR:process_memory_win.cc(73)] ReadMemory at 0x7ffea0050000 of 64 bytes failed: Only part of a ReadProcessMemory or WriteProcessMemory request was completed. (0x12B)
[1022/024629.549:WARNING:pe_image_reader.cc(340)] could not read dos header from C:\WINDOWS\System32\sechost.dll
[1022/024629.549:ERROR:process_memory_win.cc(73)] ReadMemory at 0x7ffea0b70000 of 64 bytes failed: Only part of a ReadProcessMemory or WriteProcessMemory request was completed. (0x12B)
[1022/024629.549:WARNING:pe_image_reader.cc(340)] could not read dos header from C:\WINDOWS\System32\RPCRT4.dll
[1022/024629.549:ERROR:process_memory_win.cc(73)] ReadMemory at 0x7ffea0b70000 of 64 bytes failed: Only part of a ReadProcessMemory or WriteProcessMemory request was completed. (0x12B)
[1022/024629.549:WARNING:pe_image_reader.cc(340)] could not read dos header from C:\WINDOWS\System32\RPCRT4.dll
[1022/024629.549:ERROR:process_memory_win.cc(73)] ReadMemory at 0x7ffe9ef40000 of 64 bytes failed: Only part of a ReadProcessMemory or WriteProcessMemory request was completed. (0x12B)
[1022/024629.549:WARNING:pe_image_reader.cc(340)] could not read dos header from C:\WINDOWS\System32\bcryptPrimitives.dll
[1022/024629.549:ERROR:process_memory_win.cc(73)] ReadMemory at 0x7ffe9ef40000 of 64 bytes failed: Only part of a ReadProcessMemory or WriteProcessMemory request was completed. (0x12B)
[1022/024629.549:WARNING:pe_image_reader.cc(340)] could not read dos header from C:\WINDOWS\System32\bcryptPrimitives.dll
[1022/024629.549:ERROR:process_memory_win.cc(73)] ReadMemory at 0x7ffe36f60000 of 64 bytes failed: Only part of a ReadProcessMemory or WriteProcessMemory request was completed. (0x12B)
[1022/024629.549:WARNING:pe_image_reader.cc(340)] could not read dos header from C:\Program Files (x86)\Microsoft\Edge\Application\86.0.622.43\msedge.dll
[1022/024629.549:ERROR:process_memory_win.cc(73)] ReadMemory at 0x7ffe36f60000 of 64 bytes failed: Only part of a ReadProcessMemory or WriteProcessMemory request was completed. (0x12B)
[1022/024629.549:WARNING:pe_image_reader.cc(340)] could not read dos header from C:\Program Files (x86)\Microsoft\Edge\Application\86.0.622.43\msedge.dll
[1022/024629.549:ERROR:process_memory_win.cc(73)] ReadMemory at 0x7ffea0a60000 of 64 bytes failed: Only part of a ReadProcessMemory or WriteProcessMemory request was completed. (0x12B)
[1022/024629.549:WARNING:pe_image_reader.cc(340)] could not read dos header from C:\WINDOWS\System32\WS2_32.dll
[1022/024629.549:ERROR:process_memory_win.cc(73)] ReadMemory at 0x7ffea0a60000 of 64 bytes failed: Only part of a ReadProcessMemory or WriteProcessMemory request was completed. (0x12B)
[1022/024629.549:WARNING:pe_image_reader.cc(340)] could not read dos header from C:\WINDOWS\System32\WS2_32.dll
[1022/024629.549:ERROR:process_memory_win.cc(73)] ReadMemory at 0x7ffea0150000 of 64 bytes failed: Only part of a ReadProcessMemory or WriteProcessMemory request was completed. (0x12B)
[1022/024629.549:WARNING:pe_image_reader.cc(340)] could not read dos header from C:\WINDOWS\System32\OLEAUT32.dll
[1022/024629.549:ERROR:process_memory_win.cc(73)] ReadMemory at 0x7ffea0150000 of 64 bytes failed: Only part of a ReadProcessMemory or WriteProcessMemory request was completed. (0x12B)
[1022/024629.549:WARNING:pe_image_reader.cc(340)] could not read dos header from C:\WINDOWS\System32\OLEAUT32.dll
[1022/024629.549:ERROR:process_memory_win.cc(73)] ReadMemory at 0x7ffe9eb80000 of 64 bytes failed: Only part of a ReadProcessMemory or WriteProcessMemory request was completed. (0x12B)
[1022/024629.549:WARNING:pe_image_reader.cc(340)] could not read dos header from C:\WINDOWS\System32\msvcp_win.dll
[1022/024629.549:ERROR:process_memory_win.cc(73)] ReadMemory at 0x7ffe9eb80000 of 64 bytes failed: Only part of a ReadProcessMemory or WriteProcessMemory request was completed. (0x12B)
[1022/024629.549:WARNING:pe_image_reader.cc(340)] could not read dos header from C:\WINDOWS\System32\msvcp_win.dll
[1022/024629.549:ERROR:process_memory_win.cc(73)] ReadMemory at 0x7ffe9ea60000 of 64 bytes failed: Only part of a ReadProcessMemory or WriteProcessMemory request was completed. (0x12B)
[1022/024629.549:WARNING:pe_image_reader.cc(340)] could not read dos header from C:\WINDOWS\System32\ucrtbase.dll
[1022/024629.564:ERROR:process_memory_win.cc(73)] ReadMemory at 0x7ffe9ea60000 of 64 bytes failed: Only part of a ReadProcessMemory or WriteProcessMemory request was completed. (0x12B)
[1022/024629.564:WARNING:pe_image_reader.cc(340)] could not read dos header from C:\WINDOWS\System32\ucrtbase.dll
[1022/024629.564:ERROR:process_memory_win.cc(73)] ReadMemory at 0x7ffea0230000 of 64 bytes failed: Only part of a ReadProcessMemory or WriteProcessMemory request was completed. (0x12B)
[1022/024629.564:WARNING:pe_image_reader.cc(340)] could not read dos header from C:\WINDOWS\System32\combase.dll
[1022/024629.564:ERROR:process_memory_win.cc(73)] ReadMemory at 0x7ffea0230000 of 64 bytes failed: Only part of a ReadProcessMemory or WriteProcessMemory request was completed. (0x12B)
[1022/024629.564:WARNING:pe_image_reader.cc(340)] could not read dos header from C:\WINDOWS\System32\combase.dll
[1022/024629.564:ERROR:process_memory_win.cc(73)] ReadMemory at 0x7ffe9efc0000 of 64 bytes failed: Only part of a ReadProcessMemory or WriteProcessMemory request was completed. (0x12B)
[1022/024629.564:WARNING:pe_image_reader.cc(340)] could not read dos header from C:\WINDOWS\System32\WINTRUST.dll
[1022/024629.564:ERROR:process_memory_win.cc(73)] ReadMemory at 0x7ffe9efc0000 of 64 bytes failed: Only part of a ReadProcessMemory or WriteProcessMemory request was completed. (0x12B)
[1022/024629.564:WARNING:pe_image_reader.cc(340)] could not read dos header from C:\WINDOWS\System32\WINTRUST.dll
[1022/024629.564:ERROR:process_memory_win.cc(73)] ReadMemory at 0x7ffe9de70000 of 64 bytes failed: Only part of a ReadProcessMemory or WriteProcessMemory request was completed. (0x12B)
[1022/024629.564:WARNING:pe_image_reader.cc(340)] could not read dos header from C:\WINDOWS\System32\MSASN1.dll
[1022/024629.564:ERROR:process_memory_win.cc(73)] ReadMemory at 0x7ffe9de70000 of 64 bytes failed: Only part of a ReadProcessMemory or WriteProcessMemory request was completed. (0x12B)
[1022/024629.564:WARNING:pe_image_reader.cc(340)] could not read dos header from C:\WINDOWS\System32\MSASN1.dll
[1022/024629.564:ERROR:process_memory_win.cc(73)] ReadMemory at 0x7ffe9ec20000 of 64 bytes failed: Only part of a ReadProcessMemory or WriteProcessMemory request was completed. (0x12B)
[1022/024629.564:WARNING:pe_image_reader.cc(340)] could not read dos header from C:\WINDOWS\System32\CRYPT32.dll
[1022/024629.564:ERROR:process_memory_win.cc(73)] ReadMemory at 0x7ffe9ec20000 of 64 bytes failed: Only part of a ReadProcessMemory or WriteProcessMemory request was completed. (0x12B)
[1022/024629.564:WARNING:pe_image_reader.cc(340)] could not read dos header from C:\WINDOWS\System32\CRYPT32.dll
[1022/024629.564:ERROR:process_memory_win.cc(73)] ReadMemory at 0x7ffe9c840000 of 64 bytes failed: Only part of a ReadProcessMemory or WriteProcessMemory request was completed. (0x12B)
[1022/024629.564:WARNING:pe_image_reader.cc(340)] could not read dos header from C:\WINDOWS\SYSTEM32\dbghelp.dll
[1022/024629.564:ERROR:process_memory_win.cc(73)] ReadMemory at 0x7ffe9c840000 of 64 bytes failed: Only part of a ReadProcessMemory or WriteProcessMemory request was completed. (0x12B)
[1022/024629.564:WARNING:pe_image_reader.cc(340)] could not read dos header from C:\WINDOWS\SYSTEM32\dbghelp.dll
[1022/024629.564:ERROR:process_memory_win.cc(73)] ReadMemory at 0x7ffe9d360000 of 64 bytes failed: Only part of a ReadProcessMemory or WriteProcessMemory request was completed. (0x12B)
[1022/024629.564:WARNING:pe_image_reader.cc(340)] could not read dos header from C:\WINDOWS\SYSTEM32\IPHLPAPI.DLL
[1022/024629.564:ERROR:process_memory_win.cc(73)] ReadMemory at 0x7ffe9d360000 of 64 bytes failed: Only part of a ReadProcessMemory or WriteProcessMemory request was completed. (0x12B)
[1022/024629.564:WARNING:pe_image_reader.cc(340)] could not read dos header from C:\WINDOWS\SYSTEM32\IPHLPAPI.DLL
[1022/024629.564:ERROR:process_memory_win.cc(73)] ReadMemory at 0x7ffe9bdf0000 of 64 bytes failed: Only part of a ReadProcessMemory or WriteProcessMemory request was completed. (0x12B)
[1022/024629.564:WARNING:pe_image_reader.cc(340)] could not read dos header from C:\WINDOWS\SYSTEM32\WINMM.dll
[1022/024629.564:ERROR:process_memory_win.cc(73)] ReadMemory at 0x7ffe9bdf0000 of 64 bytes failed: Only part of a ReadProcessMemory or WriteProcessMemory request was completed. (0x12B)
[1022/024629.564:WARNING:pe_image_reader.cc(340)] could not read dos header from C:\WINDOWS\SYSTEM32\WINMM.dll
[1022/024629.564:ERROR:process_memory_win.cc(73)] ReadMemory at 0x7ffe6e7f0000 of 64 bytes failed: Only part of a ReadProcessMemory or WriteProcessMemory request was completed. (0x12B)
[1022/024629.564:WARNING:pe_image_reader.cc(340)] could not read dos header from C:\WINDOWS\SYSTEM32\UIAutomationCore.DLL
[1022/024629.564:ERROR:process_memory_win.cc(73)] ReadMemory at 0x7ffe6e7f0000 of 64 bytes failed: Only part of a ReadProcessMemory or WriteProcessMemory request was completed. (0x12B)
[1022/024629.564:WARNING:pe_image_reader.cc(340)] could not read dos header from C:\WINDOWS\SYSTEM32\UIAutomationCore.DLL
[1022/024629.564:ERROR:process_memory_win.cc(73)] ReadMemory at 0x7ffe8ea70000 of 64 bytes failed: Only part of a ReadProcessMemory or WriteProcessMemory request was completed. (0x12B)
[1022/024629.564:WARNING:pe_image_reader.cc(340)] could not read dos header from C:\WINDOWS\SYSTEM32\Secur32.dll
[1022/024629.564:ERROR:process_memory_win.cc(73)] ReadMemory at 0x7ffe8ea70000 of 64 bytes failed: Only part of a ReadProcessMemory or WriteProcessMemory request was completed. (0x12B)
[1022/024629.564:WARNING:pe_image_reader.cc(340)] could not read dos header from C:\WINDOWS\SYSTEM32\Secur32.dll
[1022/024629.564:ERROR:process_memory_win.cc(73)] ReadMemory at 0x7ffe9dd80000 of 64 bytes failed: Only part of a ReadProcessMemory or WriteProcessMemory request was completed. (0x12B)
[1022/024629.564:WARNING:pe_image_reader.cc(340)] could not read dos header from C:\WINDOWS\SYSTEM32\USERENV.dll
[1022/024629.564:ERROR:process_memory_win.cc(73)] ReadMemory at 0x7ffe9dd80000 of 64 bytes failed: Only part of a ReadProcessMemory or WriteProcessMemory request was completed. (0x12B)
[1022/024629.564:WARNING:pe_image_reader.cc(340)] could not read dos header from C:\WINDOWS\SYSTEM32\USERENV.dll
[1022/024629.564:ERROR:process_memory_win.cc(73)] ReadMemory at 0x7ffe9df00000 of 64 bytes failed: Only part of a ReadProcessMemory or WriteProcessMemory request was completed. (0x12B)
[1022/024629.564:WARNING:pe_image_reader.cc(340)] could not read dos header from C:\WINDOWS\System32\profapi.dll
[1022/024629.564:ERROR:process_memory_win.cc(73)] ReadMemory at 0x7ffe9df00000 of 64 bytes failed: Only part of a ReadProcessMemory or WriteProcessMemory request was completed. (0x12B)
[1022/024629.564:WARNING:pe_image_reader.cc(340)] could not read dos header from C:\WINDOWS\System32\profapi.dll
[1022/024629.564:ERROR:process_memory_win.cc(73)] ReadMemory at 0x7ffe74660000 of 64 bytes failed: Only part of a ReadProcessMemory or WriteProcessMemory request was completed. (0x12B)
[1022/024629.564:WARNING:pe_image_reader.cc(340)] could not read dos header from C:\WINDOWS\SYSTEM32\DWrite.dll
[1022/024629.564:ERROR:process_memory_win.cc(73)] ReadMemory at 0x7ffe74660000 of 64 bytes failed: Only part of a ReadProcessMemory or WriteProcessMemory request was completed. (0x12B)
[1022/024629.564:WARNING:pe_image_reader.cc(340)] could not read dos header from C:\WINDOWS\SYSTEM32\DWrite.dll
[1022/024629.564:ERROR:process_memory_win.cc(73)] ReadMemory at 0x7ffe92700000 of 64 bytes failed: Only part of a ReadProcessMemory or WriteProcessMemory request was completed. (0x12B)
[1022/024629.564:WARNING:pe_image_reader.cc(340)] could not read dos header from C:\WINDOWS\SYSTEM32\WINHTTP.dll
[1022/024629.564:ERROR:process_memory_win.cc(73)] ReadMemory at 0x7ffe92700000 of 64 bytes failed: Only part of a ReadProcessMemory or WriteProcessMemory request was completed. (0x12B)
[1022/024629.564:WARNING:pe_image_reader.cc(340)] could not read dos header from C:\WINDOWS\SYSTEM32\WINHTTP.dll
[1022/024629.564:ERROR:process_memory_win.cc(73)] ReadMemory at 0x7ffe7c120000 of 64 bytes failed: Only part of a ReadProcessMemory or WriteProcessMemory request was completed. (0x12B)
[1022/024629.564:WARNING:pe_image_reader.cc(340)] could not read dos header from C:\WINDOWS\SYSTEM32\WINSPOOL.DRV
[1022/024629.564:ERROR:process_memory_win.cc(73)] ReadMemory at 0x7ffe7c120000 of 64 bytes failed: Only part of a ReadProcessMemory or WriteProcessMemory request was completed. (0x12B)
[1022/024629.564:WARNING:pe_image_reader.cc(340)] could not read dos header from C:\WINDOWS\SYSTEM32\WINSPOOL.DRV
[1022/024629.564:ERROR:process_memory_win.cc(73)] ReadMemory at 0x7ffe9de90000 of 64 bytes failed: Only part of a ReadProcessMemory or WriteProcessMemory request was completed. (0x12B)
[1022/024629.564:WARNING:pe_image_reader.cc(340)] could not read dos header from C:\WINDOWS\System32\kernel.appcore.dll
[1022/024629.564:ERROR:process_memory_win.cc(73)] ReadMemory at 0x7ffe9de90000 of 64 bytes failed: Only part of a ReadProcessMemory or WriteProcessMemory request was completed. (0x12B)
[1022/024629.564:WARNING:pe_image_reader.cc(340)] could not read dos header from C:\WINDOWS\System32\kernel.appcore.dll
[1022/024629.564:ERROR:process_memory_win.cc(73)] ReadMemory at 0x7ffe9f020000 of 64 bytes failed: Only part of a ReadProcessMemory or WriteProcessMemory request was completed. (0x12B)
[1022/024629.564:WARNING:pe_image_reader.cc(340)] could not read dos header from C:\WINDOWS\System32\bcrypt.dll
[1022/024629.564:ERROR:process_memory_win.cc(73)] ReadMemory at 0x7ffe9f020000 of 64 bytes failed: Only part of a ReadProcessMemory or WriteProcessMemory request was completed. (0x12B)
[1022/024629.564:WARNING:pe_image_reader.cc(340)] could not read dos header from C:\WINDOWS\System32\bcrypt.dll
[1022/024629.564:ERROR:process_memory_win.cc(73)] ReadMemory at 0x7ffe9d920000 of 64 bytes failed: Only part of a ReadProcessMemory or WriteProcessMemory request was completed. (0x12B)
[1022/024629.564:WARNING:pe_image_reader.cc(340)] could not read dos header from C:\WINDOWS\SYSTEM32\ncrypt.dll
[1022/024629.564:ERROR:process_memory_win.cc(73)] ReadMemory at 0x7ffe9d920000 of 64 bytes failed: Only part of a ReadProcessMemory or WriteProcessMemory request was completed. (0x12B)
[1022/024629.564:WARNING:pe_image_reader.cc(340)] could not read dos header from C:\WINDOWS\SYSTEM32\ncrypt.dll
[1022/024629.564:ERROR:process_memory_win.cc(73)] ReadMemory at 0x7ffe92600000 of 64 bytes failed: Only part of a ReadProcessMemory or WriteProcessMemory request was completed. (0x12B)
[1022/024629.564:WARNING:pe_image_reader.cc(340)] could not read dos header from C:\WINDOWS\SYSTEM32\dhcpcsvc.DLL
[1022/024629.564:ERROR:process_memory_win.cc(73)] ReadMemory at 0x7ffe92600000 of 64 bytes failed: Only part of a ReadProcessMemory or WriteProcessMemory request was completed. (0x12B)
[1022/024629.564:WARNING:pe_image_reader.cc(340)] could not read dos header from C:\WINDOWS\SYSTEM32\dhcpcsvc.DLL
[1022/024629.564:ERROR:process_memory_win.cc(73)] ReadMemory at 0x7ffe9f1d0000 of 64 bytes failed: Only part of a ReadProcessMemory or WriteProcessMemory request was completed. (0x12B)
[1022/024629.564:WARNING:pe_image_reader.cc(340)] could not read dos header from C:\WINDOWS\System32\NSI.dll
[1022/024629.564:ERROR:process_memory_win.cc(73)] ReadMemory at 0x7ffe9f1d0000 of 64 bytes failed: Only part of a ReadProcessMemory or WriteProcessMemory request was completed. (0x12B)
[1022/024629.564:WARNING:pe_image_reader.cc(340)] could not read dos header from C:\WINDOWS\System32\NSI.dll
[1022/024629.564:ERROR:process_memory_win.cc(73)] ReadMemory at 0x7ffe9bb70000 of 64 bytes failed: Only part of a ReadProcessMemory or WriteProcessMemory request was completed. (0x12B)
[1022/024629.564:WARNING:pe_image_reader.cc(340)] could not read dos header from C:\WINDOWS\SYSTEM32\WINMMBASE.dll
[1022/024629.564:ERROR:process_memory_win.cc(73)] ReadMemory at 0x7ffe9bb70000 of 64 bytes failed: Only part of a ReadProcessMemory or WriteProcessMemory request was completed. (0x12B)
[1022/024629.564:WARNING:pe_image_reader.cc(340)] could not read dos header from C:\WINDOWS\SYSTEM32\WINMMBASE.dll
[1022/024629.564:ERROR:process_memory_win.cc(73)] ReadMemory at 0x7ffe9ea10000 of 64 bytes failed: Only part of a ReadProcessMemory or WriteProcessMemory request was completed. (0x12B)
[1022/024629.564:WARNING:pe_image_reader.cc(340)] could not read dos header from C:\WINDOWS\System32\cfgmgr32.dll
[1022/024629.564:ERROR:process_memory_win.cc(73)] ReadMemory at 0x7ffe9ea10000 of 64 bytes failed: Only part of a ReadProcessMemory or WriteProcessMemory request was completed. (0x12B)
[1022/024629.564:WARNING:pe_image_reader.cc(340)] could not read dos header from C:\WINDOWS\System32\cfgmgr32.dll
[1022/024629.564:ERROR:process_memory_win.cc(73)] ReadMemory at 0x7ffe9a4b0000 of 64 bytes failed: Only part of a ReadProcessMemory or WriteProcessMemory request was completed. (0x12B)
[1022/024629.564:WARNING:pe_image_reader.cc(340)] could not read dos header from C:\WINDOWS\SYSTEM32\PROPSYS.dll
[1022/024629.564:ERROR:process_memory_win.cc(73)] ReadMemory at 0x7ffe9a4b0000 of 64 bytes failed: Only part of a ReadProcessMemory or WriteProcessMemory request was completed. (0x12B)
[1022/024629.564:WARNING:pe_image_reader.cc(340)] could not read dos header from C:\WINDOWS\SYSTEM32\PROPSYS.dll
[1022/024629.564:ERROR:process_memory_win.cc(73)] ReadMemory at 0x7ffe9f2c0000 of 64 bytes failed: Only part of a ReadProcessMemory or WriteProcessMemory request was completed. (0x12B)
[1022/024629.564:WARNING:pe_image_reader.cc(340)] could not read dos header from C:\WINDOWS\System32\shcore.dll
[1022/024629.564:ERROR:process_memory_win.cc(73)] ReadMemory at 0x7ffe9f2c0000 of 64 bytes failed: Only part of a ReadProcessMemory or WriteProcessMemory request was completed. (0x12B)
[1022/024629.564:WARNING:pe_image_reader.cc(340)] could not read dos header from C:\WINDOWS\System32\shcore.dll
[1022/024629.564:ERROR:process_memory_win.cc(73)] ReadMemory at 0x7ffe9d8e0000 of 64 bytes failed: Only part of a ReadProcessMemory or WriteProcessMemory request was completed. (0x12B)
[1022/024629.564:WARNING:pe_image_reader.cc(340)] could not read dos header from C:\WINDOWS\SYSTEM32\NTASN1.dll
[1022/024629.564:ERROR:process_memory_win.cc(73)] ReadMemory at 0x7ffe9d8e0000 of 64 bytes failed: Only part of a ReadProcessMemory or WriteProcessMemory request was completed. (0x12B)
[1022/024629.564:WARNING:pe_image_reader.cc(340)] could not read dos header from C:\WINDOWS\SYSTEM32\NTASN1.dll
[1022/024629.564:ERROR:process_memory_win.cc(73)] ReadMemory at 0x7ffe9dd40000 of 64 bytes failed: Only part of a ReadProcessMemory or WriteProcessMemory request was completed. (0x12B)
[1022/024629.564:WARNING:pe_image_reader.cc(340)] could not read dos header from C:\WINDOWS\SYSTEM32\SSPICLI.DLL
[1022/024629.564:ERROR:process_memory_win.cc(73)] ReadMemory at 0x7ffe9dd40000 of 64 bytes failed: Only part of a ReadProcessMemory or WriteProcessMemory request was completed. (0x12B)
[1022/024629.564:WARNING:pe_image_reader.cc(340)] could not read dos header from C:\WINDOWS\SYSTEM32\SSPICLI.DLL
[1022/024629.564:ERROR:process_memory_win.cc(73)] ReadMemory at 0x7ffe9d820000 of 64 bytes failed: Only part of a ReadProcessMemory or WriteProcessMemory request was completed. (0x12B)
[1022/024629.564:WARNING:pe_image_reader.cc(340)] could not read dos header from C:\WINDOWS\SYSTEM32\CRYPTBASE.DLL
[1022/024629.564:ERROR:process_memory_win.cc(73)] ReadMemory at 0x7ffe9d820000 of 64 bytes failed: Only part of a ReadProcessMemory or WriteProcessMemory request was completed. (0x12B)
[1022/024629.564:WARNING:pe_image_reader.cc(340)] could not read dos header from C:\WINDOWS\SYSTEM32\CRYPTBASE.DLL
[1022/024629.564:ERROR:minidumpwritedump_with_crashpad_info.cc(452)] Failed to call MiniDumpWriteDump: Only part of a ReadProcessMemory or WriteProcessMemory request was completed. (0x8007012B)
[1022/024629.564:ERROR:minidumpwritedump_with_crashpad_info.cc(661)] Failed to write minidump file
[1022/024629.564:ERROR:crash_report_exception_handler.cc(134)] TryMiniDumpWriteDumpWithCrashpadInfo failed
[1022/024629.564:ERROR:process_memory_win.cc(73)] ReadMemory at 0x7ff78e1b0000 of 64 bytes failed: Only part of a ReadProcessMemory or WriteProcessMemory request was completed. (0x12B)
[1022/024629.564:WARNING:pe_image_reader.cc(340)] could not read dos header from C:\Program Files (x86)\Microsoft\Edge\Application\msedge.exe
[1022/024629.564:ERROR:process_memory_win.cc(73)] ReadMemory at 0x7ffe9dfe0000 of 64 bytes failed: Only part of a ReadProcessMemory or WriteProcessMemory request was completed. (0x12B)
[1022/024629.564:WARNING:pe_image_reader.cc(340)] could not read dos header from C:\WINDOWS\System32\KERNELBASE.dll
[1022/024629.564:ERROR:process_memory_win.cc(73)] ReadMemory at 0x7ffe69530000 of 64 bytes failed: Only part of a ReadProcessMemory or WriteProcessMemory request was completed. (0x12B)
[1022/024629.564:WARNING:pe_image_reader.cc(340)] could not read dos header from C:\Program Files (x86)\Microsoft\Edge\Application\86.0.622.43\msedge_elf.dll
[1022/024629.564:ERROR:process_memory_win.cc(73)] ReadMemory at 0x7ffea0050000 of 64 bytes failed: Only part of a ReadProcessMemory or WriteProcessMemory request was completed. (0x12B)
[1022/024629.564:WARNING:pe_image_reader.cc(340)] could not read dos header from C:\WINDOWS\System32\sechost.dll
[1022/024629.564:ERROR:process_memory_win.cc(73)] ReadMemory at 0x7ffe9ef40000 of 64 bytes failed: Only part of a ReadProcessMemory or WriteProcessMemory request was completed. (0x12B)
[1022/024629.564:WARNING:pe_image_reader.cc(340)] could not read dos header from C:\WINDOWS\System32\bcryptPrimitives.dll
[1022/024629.564:ERROR:process_memory_win.cc(73)] ReadMemory at 0x7ffea0a60000 of 64 bytes failed: Only part of a ReadProcessMemory or WriteProcessMemory request was completed. (0x12B)
[1022/024629.564:WARNING:pe_image_reader.cc(340)] could not read dos header from C:\WINDOWS\System32\WS2_32.dll
[1022/024629.564:ERROR:process_memory_win.cc(73)] ReadMemory at 0x7ffea0150000 of 64 bytes failed: Only part of a ReadProcessMemory or WriteProcessMemory request was completed. (0x12B)
[1022/024629.564:WARNING:pe_image_reader.cc(340)] could not read dos header from C:\WINDOWS\System32\OLEAUT32.dll
[1022/024629.564:ERROR:process_memory_win.cc(73)] ReadMemory at 0x7ffe9eb80000 of 64 bytes failed: Only part of a ReadProcessMemory or WriteProcessMemory request was completed. (0x12B)
[1022/024629.564:WARNING:pe_image_reader.cc(340)] could not read dos header from C:\WINDOWS\System32\msvcp_win.dll
[1022/024629.564:ERROR:process_memory_win.cc(73)] ReadMemory at 0x7ffe9ea60000 of 64 bytes failed: Only part of a ReadProcessMemory or WriteProcessMemory request was completed. (0x12B)
[1022/024629.564:WARNING:pe_image_reader.cc(340)] could not read dos header from C:\WINDOWS\System32\ucrtbase.dll
[1022/024629.564:ERROR:process_memory_win.cc(73)] ReadMemory at 0x7ffea0230000 of 64 bytes failed: Only part of a ReadProcessMemory or WriteProcessMemory request was completed. (0x12B)
[1022/024629.564:WARNING:pe_image_reader.cc(340)] could not read dos header from C:\WINDOWS\System32\combase.dll
[1022/024629.564:ERROR:process_memory_win.cc(73)] ReadMemory at 0x7ffe9efc0000 of 64 bytes failed: Only part of a ReadProcessMemory or WriteProcessMemory request was completed. (0x12B)
[1022/024629.564:WARNING:pe_image_reader.cc(340)] could not read dos header from C:\WINDOWS\System32\WINTRUST.dll
[1022/024629.564:ERROR:process_memory_win.cc(73)] ReadMemory at 0x7ffe9de70000 of 64 bytes failed: Only part of a ReadProcessMemory or WriteProcessMemory request was completed. (0x12B)
[1022/024629.564:WARNING:pe_image_reader.cc(340)] could not read dos header from C:\WINDOWS\System32\MSASN1.dll
[1022/024629.564:ERROR:process_memory_win.cc(73)] ReadMemory at 0x7ffe9ec20000 of 64 bytes failed: Only part of a ReadProcessMemory or WriteProcessMemory request was completed. (0x12B)
[1022/024629.564:WARNING:pe_image_reader.cc(340)] could not read dos header from C:\WINDOWS\System32\CRYPT32.dll
[1022/024629.564:ERROR:process_memory_win.cc(73)] ReadMemory at 0x7ffe9c840000 of 64 bytes failed: Only part of a ReadProcessMemory or WriteProcessMemory request was completed. (0x12B)
[1022/024629.564:WARNING:pe_image_reader.cc(340)] could not read dos header from C:\WINDOWS\SYSTEM32\dbghelp.dll
[1022/024629.564:ERROR:process_memory_win.cc(73)] ReadMemory at 0x7ffe9d360000 of 64 bytes failed: Only part of a ReadProcessMemory or WriteProcessMemory request was completed. (0x12B)
[1022/024629.580:WARNING:pe_image_reader.cc(340)] could not read dos header from C:\WINDOWS\SYSTEM32\IPHLPAPI.DLL
[1022/024629.580:ERROR:process_memory_win.cc(73)] ReadMemory at 0x7ffe9bdf0000 of 64 bytes failed: Only part of a ReadProcessMemory or WriteProcessMemory request was completed. (0x12B)
[1022/024629.580:WARNING:pe_image_reader.cc(340)] could not read dos header from C:\WINDOWS\SYSTEM32\WINMM.dll
[1022/024629.580:ERROR:process_memory_win.cc(73)] ReadMemory at 0x7ffe6e7f0000 of 64 bytes failed: Only part of a ReadProcessMemory or WriteProcessMemory request was completed. (0x12B)
[1022/024629.580:WARNING:pe_image_reader.cc(340)] could not read dos header from C:\WINDOWS\SYSTEM32\UIAutomationCore.DLL
[1022/024629.580:ERROR:process_memory_win.cc(73)] ReadMemory at 0x7ffe8ea70000 of 64 bytes failed: Only part of a ReadProcessMemory or WriteProcessMemory request was completed. (0x12B)
[1022/024629.580:WARNING:pe_image_reader.cc(340)] could not read dos header from C:\WINDOWS\SYSTEM32\Secur32.dll
[1022/024629.580:ERROR:process_memory_win.cc(73)] ReadMemory at 0x7ffe9dd80000 of 64 bytes failed: Only part of a ReadProcessMemory or WriteProcessMemory request was completed. (0x12B)
[1022/024629.580:WARNING:pe_image_reader.cc(340)] could not read dos header from C:\WINDOWS\SYSTEM32\USERENV.dll
[1022/024629.580:ERROR:process_memory_win.cc(73)] ReadMemory at 0x7ffe9df00000 of 64 bytes failed: Only part of a ReadProcessMemory or WriteProcessMemory request was completed. (0x12B)
[1022/024629.580:WARNING:pe_image_reader.cc(340)] could not read dos header from C:\WINDOWS\System32\profapi.dll
[1022/024629.580:ERROR:process_memory_win.cc(73)] ReadMemory at 0x7ffe74660000 of 64 bytes failed: Only part of a ReadProcessMemory or WriteProcessMemory request was completed. (0x12B)
[1022/024629.580:WARNING:pe_image_reader.cc(340)] could not read dos header from C:\WINDOWS\SYSTEM32\DWrite.dll
[1022/024629.580:ERROR:process_memory_win.cc(73)] ReadMemory at 0x7ffe92700000 of 64 bytes failed: Only part of a ReadProcessMemory or WriteProcessMemory request was completed. (0x12B)
[1022/024629.580:WARNING:pe_image_reader.cc(340)] could not read dos header from C:\WINDOWS\SYSTEM32\WINHTTP.dll
[1022/024629.580:ERROR:process_memory_win.cc(73)] ReadMemory at 0x7ffe7c120000 of 64 bytes failed: Only part of a ReadProcessMemory or WriteProcessMemory request was completed. (0x12B)
[1022/024629.580:WARNING:pe_image_reader.cc(340)] could not read dos header from C:\WINDOWS\SYSTEM32\WINSPOOL.DRV
[1022/024629.580:ERROR:process_memory_win.cc(73)] ReadMemory at 0x7ffe9de90000 of 64 bytes failed: Only part of a ReadProcessMemory or WriteProcessMemory request was completed. (0x12B)
[1022/024629.580:WARNING:pe_image_reader.cc(340)] could not read dos header from C:\WINDOWS\System32\kernel.appcore.dll
[1022/024629.580:ERROR:process_memory_win.cc(73)] ReadMemory at 0x7ffe9f020000 of 64 bytes failed: Only part of a ReadProcessMemory or WriteProcessMemory request was completed. (0x12B)
[1022/024629.580:WARNING:pe_image_reader.cc(340)] could not read dos header from C:\WINDOWS\System32\bcrypt.dll
[1022/024629.580:ERROR:process_memory_win.cc(73)] ReadMemory at 0x7ffe9d920000 of 64 bytes failed: Only part of a ReadProcessMemory or WriteProcessMemory request was completed. (0x12B)
[1022/024629.580:WARNING:pe_image_reader.cc(340)] could not read dos header from C:\WINDOWS\SYSTEM32\ncrypt.dll
[1022/024629.580:ERROR:process_memory_win.cc(73)] ReadMemory at 0x7ffe92600000 of 64 bytes failed: Only part of a ReadProcessMemory or WriteProcessMemory request was completed. (0x12B)
[1022/024629.580:WARNING:pe_image_reader.cc(340)] could not read dos header from C:\WINDOWS\SYSTEM32\dhcpcsvc.DLL
[1022/024629.580:ERROR:process_memory_win.cc(73)] ReadMemory at 0x7ffe9f1d0000 of 64 bytes failed: Only part of a ReadProcessMemory or WriteProcessMemory request was completed. (0x12B)
[1022/024629.580:WARNING:pe_image_reader.cc(340)] could not read dos header from C:\WINDOWS\System32\NSI.dll
[1022/024629.580:ERROR:process_memory_win.cc(73)] ReadMemory at 0x7ffe9bb70000 of 64 bytes failed: Only part of a ReadProcessMemory or WriteProcessMemory request was completed. (0x12B)
[1022/024629.580:WARNING:pe_image_reader.cc(340)] could not read dos header from C:\WINDOWS\SYSTEM32\WINMMBASE.dll
[1022/024629.580:ERROR:process_memory_win.cc(73)] ReadMemory at 0x7ffe9ea10000 of 64 bytes failed: Only part of a ReadProcessMemory or WriteProcessMemory request was completed. (0x12B)
[1022/024629.580:WARNING:pe_image_reader.cc(340)] could not read dos header from C:\WINDOWS\System32\cfgmgr32.dll
[1022/024629.580:ERROR:process_memory_win.cc(73)] ReadMemory at 0x7ffe9a4b0000 of 64 bytes failed: Only part of a ReadProcessMemory or WriteProcessMemory request was completed. (0x12B)
[1022/024629.580:WARNING:pe_image_reader.cc(340)] could not read dos header from C:\WINDOWS\SYSTEM32\PROPSYS.dll
[1022/024629.580:ERROR:process_memory_win.cc(73)] ReadMemory at 0x7ffe9f2c0000 of 64 bytes failed: Only part of a ReadProcessMemory or WriteProcessMemory request was completed. (0x12B)
[1022/024629.580:WARNING:pe_image_reader.cc(340)] could not read dos header from C:\WINDOWS\System32\shcore.dll
[1022/024629.580:ERROR:process_memory_win.cc(73)] ReadMemory at 0x7ffe9d8e0000 of 64 bytes failed: Only part of a ReadProcessMemory or WriteProcessMemory request was completed. (0x12B)
[1022/024629.580:WARNING:pe_image_reader.cc(340)] could not read dos header from C:\WINDOWS\SYSTEM32\NTASN1.dll
[1022/024629.580:ERROR:process_memory_win.cc(73)] ReadMemory at 0x7ffe9dd40000 of 64 bytes failed: Only part of a ReadProcessMemory or WriteProcessMemory request was completed. (0x12B)
[1022/024629.580:WARNING:pe_image_reader.cc(340)] could not read dos header from C:\WINDOWS\SYSTEM32\SSPICLI.DLL
[1022/024629.580:ERROR:process_memory_win.cc(73)] ReadMemory at 0x7ffe9d820000 of 64 bytes failed: Only part of a ReadProcessMemory or WriteProcessMemory request was completed. (0x12B)
[1022/024629.580:WARNING:pe_image_reader.cc(340)] could not read dos header from C:\WINDOWS\SYSTEM32\CRYPTBASE.DLL
[1022/024629.580:ERROR:process_memory_win.cc(73)] ReadMemory at 0x7ff78e1b0000 of 64 bytes failed: Only part of a ReadProcessMemory or WriteProcessMemory request was completed. (0x12B)
[1022/024629.580:WARNING:pe_image_reader.cc(340)] could not read dos header from C:\Program Files (x86)\Microsoft\Edge\Application\msedge.exe
[1022/024629.580:ERROR:process_memory_win.cc(73)] ReadMemory at 0x7ff78e1b0000 of 64 bytes failed: Only part of a ReadProcessMemory or WriteProcessMemory request was completed. (0x12B)
[1022/024629.580:WARNING:pe_image_reader.cc(340)] could not read dos header from C:\Program Files (x86)\Microsoft\Edge\Application\msedge.exe
[1022/024629.580:ERROR:process_memory_win.cc(73)] ReadMemory at 0x7ffea0fa0000 of 64 bytes failed: Only part of a ReadProcessMemory or WriteProcessMemory request was completed. (0x12B)
[1022/024629.580:WARNING:pe_image_reader.cc(340)] could not read dos header from C:\WINDOWS\SYSTEM32\ntdll.dll
[1022/024629.580:ERROR:process_memory_win.cc(73)] ReadMemory at 0x7ffea0fa0000 of 64 bytes failed: Only part of a ReadProcessMemory or WriteProcessMemory request was completed. (0x12B)
[1022/024629.580:WARNING:pe_image_reader.cc(340)] could not read dos header from C:\WINDOWS\SYSTEM32\ntdll.dll
[1022/024629.580:ERROR:process_memory_win.cc(73)] ReadMemory at 0x7ffe9f050000 of 64 bytes failed: Only part of a ReadProcessMemory or WriteProcessMemory request was completed. (0x12B)
[1022/024629.580:WARNING:pe_image_reader.cc(340)] could not read dos header from C:\WINDOWS\System32\KERNEL32.DLL
[1022/024629.580:ERROR:process_memory_win.cc(73)] ReadMemory at 0x7ffe9f050000 of 64 bytes failed: Only part of a ReadProcessMemory or WriteProcessMemory request was completed. (0x12B)
[1022/024629.580:WARNING:pe_image_reader.cc(340)] could not read dos header from C:\WINDOWS\System32\KERNEL32.DLL
[1022/024629.580:ERROR:process_memory_win.cc(73)] ReadMemory at 0x7ffe9dfe0000 of 64 bytes failed: Only part of a ReadProcessMemory or WriteProcessMemory request was completed. (0x12B)
[1022/024629.580:WARNING:pe_image_reader.cc(340)] could not read dos header from C:\WINDOWS\System32\KERNELBASE.dll
[1022/024629.580:ERROR:process_memory_win.cc(73)] ReadMemory at 0x7ffe9dfe0000 of 64 bytes failed: Only part of a ReadProcessMemory or WriteProcessMemory request was completed. (0x12B)
[1022/024629.580:WARNING:pe_image_reader.cc(340)] could not read dos header from C:\WINDOWS\System32\KERNELBASE.dll
[1022/024629.580:ERROR:process_memory_win.cc(73)] ReadMemory at 0x7ffe69530000 of 64 bytes failed: Only part of a ReadProcessMemory or WriteProcessMemory request was completed. (0x12B)
[1022/024629.580:WARNING:pe_image_reader.cc(340)] could not read dos header from C:\Program Files (x86)\Microsoft\Edge\Application\86.0.622.43\msedge_elf.dll
[1022/024629.580:ERROR:process_memory_win.cc(73)] ReadMemory at 0x7ffe69530000 of 64 bytes failed: Only part of a ReadProcessMemory or WriteProcessMemory request was completed. (0x12B)
[1022/024629.580:WARNING:pe_image_reader.cc(340)] could not read dos header from C:\Program Files (x86)\Microsoft\Edge\Application\86.0.622.43\msedge_elf.dll
[1022/024629.580:ERROR:process_memory_win.cc(73)] ReadMemory at 0x7ffea0e40000 of 64 bytes failed: Only part of a ReadProcessMemory or WriteProcessMemory request was completed. (0x12B)
[1022/024629.580:WARNING:pe_image_reader.cc(340)] could not read dos header from C:\WINDOWS\System32\ADVAPI32.dll
[1022/024629.580:ERROR:process_memory_win.cc(73)] ReadMemory at 0x7ffea0e40000 of 64 bytes failed: Only part of a ReadProcessMemory or WriteProcessMemory request was completed. (0x12B)
[1022/024629.580:WARNING:pe_image_reader.cc(340)] could not read dos header from C:\WINDOWS\System32\ADVAPI32.dll
[1022/024629.580:ERROR:process_memory_win.cc(73)] ReadMemory at 0x7ffea0ad0000 of 64 bytes failed: Only part of a ReadProcessMemory or WriteProcessMemory request was completed. (0x12B)
[1022/024629.580:WARNING:pe_image_reader.cc(340)] could not read dos header from C:\WINDOWS\System32\msvcrt.dll
[1022/024629.580:ERROR:process_memory_win.cc(73)] ReadMemory at 0x7ffea0ad0000 of 64 bytes failed: Only part of a ReadProcessMemory or WriteProcessMemory request was completed. (0x12B)
[1022/024629.580:WARNING:pe_image_reader.cc(340)] could not read dos header from C:\WINDOWS\System32\msvcrt.dll
[1022/024629.580:ERROR:process_memory_win.cc(73)] ReadMemory at 0x7ffea0050000 of 64 bytes failed: Only part of a ReadProcessMemory or WriteProcessMemory request was completed. (0x12B)
[1022/024629.580:WARNING:pe_image_reader.cc(340)] could not read dos header from C:\WINDOWS\System32\sechost.dll
[1022/024629.580:ERROR:process_memory_win.cc(73)] ReadMemory at 0x7ffea0050000 of 64 bytes failed: Only part of a ReadProcessMemory or WriteProcessMemory request was completed. (0x12B)
[1022/024629.580:WARNING:pe_image_reader.cc(340)] could not read dos header from C:\WINDOWS\System32\sechost.dll
[1022/024629.580:ERROR:process_memory_win.cc(73)] ReadMemory at 0x7ffea0b70000 of 64 bytes failed: Only part of a ReadProcessMemory or WriteProcessMemory request was completed. (0x12B)
[1022/024629.580:WARNING:pe_image_reader.cc(340)] could not read dos header from C:\WINDOWS\System32\RPCRT4.dll
[1022/024629.580:ERROR:process_memory_win.cc(73)] ReadMemory at 0x7ffea0b70000 of 64 bytes failed: Only part of a ReadProcessMemory or WriteProcessMemory request was completed. (0x12B)
[1022/024629.580:WARNING:pe_image_reader.cc(340)] could not read dos header from C:\WINDOWS\System32\RPCRT4.dll
[1022/024629.580:ERROR:process_memory_win.cc(73)] ReadMemory at 0x7ffe9ef40000 of 64 bytes failed: Only part of a ReadProcessMemory or WriteProcessMemory request was completed. (0x12B)
[1022/024629.580:WARNING:pe_image_reader.cc(340)] could not read dos header from C:\WINDOWS\System32\bcryptPrimitives.dll
[1022/024629.580:ERROR:process_memory_win.cc(73)] ReadMemory at 0x7ffe9ef40000 of 64 bytes failed: Only part of a ReadProcessMemory or WriteProcessMemory request was completed. (0x12B)
[1022/024629.580:WARNING:pe_image_reader.cc(340)] could not read dos header from C:\WINDOWS\System32\bcryptPrimitives.dll
[1022/024629.580:ERROR:process_memory_win.cc(73)] ReadMemory at 0x7ffe36f60000 of 64 bytes failed: Only part of a ReadProcessMemory or WriteProcessMemory request was completed. (0x12B)
[1022/024629.580:WARNING:pe_image_reader.cc(340)] could not read dos header from C:\Program Files (x86)\Microsoft\Edge\Application\86.0.622.43\msedge.dll
[1022/024629.580:ERROR:process_memory_win.cc(73)] ReadMemory at 0x7ffe36f60000 of 64 bytes failed: Only part of a ReadProcessMemory or WriteProcessMemory request was completed. (0x12B)
[1022/024629.580:WARNING:pe_image_reader.cc(340)] could not read dos header from C:\Program Files (x86)\Microsoft\Edge\Application\86.0.622.43\msedge.dll
[1022/024629.580:ERROR:process_memory_win.cc(73)] ReadMemory at 0x7ffea0a60000 of 64 bytes failed: Only part of a ReadProcessMemory or WriteProcessMemory request was completed. (0x12B)
[1022/024629.580:WARNING:pe_image_reader.cc(340)] could not read dos header from C:\WINDOWS\System32\WS2_32.dll
[1022/024629.580:ERROR:process_memory_win.cc(73)] ReadMemory at 0x7ffea0a60000 of 64 bytes failed: Only part of a ReadProcessMemory or WriteProcessMemory request was completed. (0x12B)
